{
  "RSpec": {
    "coverage": {
      "/app/app/models/user.rb": {
        "lines": [
          null,
          null,
          null,
          null,
          null,
          null,
          null,
          null,
          null,
          null,
          null,
          null,
          null,
          null,
          null,
          null,
          null,
          null,
          null,
          null,
          null,
          null,
          null,
          null,
          null,
          null,
          null,
          1,
          1,
          null,
          1,
          1,
          null,
          1,
          null,
          1,
          null,
          45,
          null,
          null,
          null,
          null,
          null,
          null,
          null,
          null
        ]
      },
      "/app/app/models/application_record.rb": {
        "lines": [
          null,
          null,
          1,
          1,
          null
        ]
      },
      "/app/app/models/jwt_denylist.rb": {
        "lines": [
          null,
          null,
          null,
          null,
          null,
          null,
          null,
          null,
          null,
          null,
          null,
          null,
          null,
          null,
          1,
          1,
          null,
          1,
          null
        ]
      },
      "/app/app/controllers/application_controller.rb": {
        "lines": [
          null,
          null,
          1,
          1,
          null,
          1,
          null,
          1,
          null,
          1,
          null,
          1,
          1,
          null,
          1,
          null,
          1,
          3,
          null,
          null,
          1,
          null,
          1,
          84,
          null,
          null,
          1,
          41,
          null,
          41,
          null,
          3,
          null,
          3,
          null,
          null
        ]
      },
      "/app/app/models/cart_product.rb": {
        "lines": [
          null,
          null,
          null,
          null,
          null,
          null,
          null,
          null,
          null,
          null,
          null,
          null,
          null,
          null,
          null,
          null,
          null,
          null,
          null,
          1,
          1,
          1,
          null,
          1,
          null,
          1,
          1,
          null,
          1,
          5,
          null,
          null,
          1,
          null,
          1,
          106,
          null,
          null
        ]
      },
      "/app/app/models/cart.rb": {
        "lines": [
          null,
          null,
          null,
          null,
          null,
          null,
          null,
          null,
          null,
          null,
          null,
          null,
          null,
          null,
          null,
          null,
          null,
          1,
          1,
          null,
          1,
          1,
          null,
          1,
          13,
          null,
          null
        ]
      },
      "/app/app/models/product.rb": {
        "lines": [
          null,
          null,
          null,
          null,
          null,
          null,
          null,
          null,
          null,
          null,
          null,
          null,
          null,
          null,
          null,
          null,
          null,
          null,
          1,
          1,
          null,
          1,
          1,
          null,
          1,
          1,
          null
        ]
      },
      "/app/app/serializers/cart_product_serializer.rb": {
        "lines": [
          null,
          null,
          null,
          null,
          null,
          null,
          null,
          null,
          null,
          null,
          null,
          null,
          null,
          null,
          null,
          null,
          null,
          null,
          null,
          1,
          1,
          null,
          1,
          3,
          null,
          null,
          1,
          2,
          6,
          null,
          null,
          null,
          1,
          1,
          3,
          null,
          null,
          null
        ]
      },
      "/app/app/serializers/application_serializer.rb": {
        "lines": [
          null,
          null,
          1,
          null
        ]
      },
      "/app/app/serializers/cart_serializer.rb": {
        "lines": [
          null,
          null,
          null,
          null,
          null,
          null,
          null,
          null,
          null,
          null,
          null,
          null,
          null,
          null,
          null,
          null,
          null,
          1,
          1,
          null,
          1,
          11,
          null,
          null,
          1,
          null
        ]
      },
      "/app/app/serializers/product_serializer.rb": {
        "lines": [
          null,
          null,
          null,
          null,
          null,
          null,
          null,
          null,
          null,
          null,
          null,
          null,
          null,
          null,
          null,
          null,
          null,
          null,
          1,
          1,
          null,
          1,
          null
        ]
      },
      "/app/app/serializers/user_serializer.rb": {
        "lines": [
          null,
          null,
          null,
          null,
          null,
          null,
          null,
          null,
          null,
          null,
          null,
          null,
          null,
          null,
          null,
          null,
          null,
          null,
          null,
          null,
          null,
          null,
          null,
          null,
          null,
          null,
          null,
          1,
          1,
          null,
          1,
          null
        ]
      },
      "/app/app/services/cart_product_service.rb": {
        "lines": [
          null,
          null,
          1,
          1,
          null,
          1,
          9,
          9,
          15,
          null,
          15,
          null,
          15,
          null,
          15,
          12,
          null,
          12,
          null,
          3,
          null,
          null,
          null,
          null,
          null,
          1,
          11,
          11,
          25,
          null,
          25,
          22,
          null,
          19,
          null,
          19,
          2,
          null,
          2,
          null,
          17,
          null,
          null,
          19,
          null,
          null,
          null,
          null,
          1,
          null,
          1,
          9,
          9,
          null,
          9,
          null,
          null
        ]
      },
      "/app/app/services/application_service.rb": {
        "lines": [
          null,
          null,
          1,
          1,
          null,
          1,
          null,
          1,
          3,
          null,
          null,
          1,
          86,
          null,
          86,
          86,
          null,
          null,
          1,
          24,
          null,
          24,
          null,
          null,
          1,
          27,
          null,
          27,
          null,
          27,
          null,
          null,
          1,
          15,
          null,
          15,
          null,
          10,
          6,
          null,
          4,
          4,
          null,
          null,
          null,
          1,
          5,
          3,
          null,
          2,
          2,
          null,
          null,
          null,
          1,
          23,
          null,
          null,
          1,
          null,
          1,
          66,
          null,
          null,
          1,
          51,
          27,
          27,
          null,
          24,
          24,
          48,
          null,
          null,
          null
        ]
      },
      "/app/app/services/product_service.rb": {
        "lines": [
          null,
          null,
          1,
          1,
          null
        ]
      },
      "/app/app/services/user_service.rb": {
        "lines": [
          null,
          null,
          1,
          1,
          null
        ]
      },
      "/app/app/sidekiq/destroy_abandoned_cart_job.rb": {
        "lines": [
          null,
          null,
          1,
          1,
          null,
          1,
          null,
          1,
          null,
          1,
          1,
          null,
          null
        ]
      },
      "/app/app/sidekiq/mark_cart_as_abandoned_job.rb": {
        "lines": [
          null,
          null,
          1,
          1,
          null,
          1,
          null,
          1,
          null,
          1,
          4,
          4,
          null,
          null,
          1,
          null,
          1,
          4,
          null,
          null,
          1,
          4,
          null,
          null
        ]
      },
      "/app/app/controllers/carts_controller.rb": {
        "lines": [
          null,
          null,
          1,
          1,
          2,
          null,
          null,
          1,
          6,
          null,
          6,
          null,
          6,
          4,
          null,
          2,
          null,
          null,
          null,
          1,
          6,
          null,
          6,
          null,
          6,
          4,
          null,
          2,
          null,
          null,
          null,
          1,
          null,
          1,
          12,
          null,
          null,
          1,
          6,
          null,
          null
        ]
      },
      "/app/app/controllers/products_controller.rb": {
        "lines": [
          null,
          null,
          1,
          1,
          3,
          null,
          3,
          null,
          null,
          1,
          3,
          null,
          3,
          null,
          null,
          1,
          6,
          null,
          6,
          4,
          null,
          2,
          null,
          null,
          null,
          1,
          6,
          null,
          6,
          null,
          6,
          4,
          null,
          2,
          null,
          null,
          null,
          1,
          5,
          null,
          5,
          null,
          5,
          3,
          null,
          2,
          null,
          null,
          null,
          1,
          null,
          1,
          12,
          null,
          null,
          1,
          6,
          null,
          null
        ]
      },
      "/app/app/controllers/users/sessions_controller.rb": {
        "lines": [
          1,
          1,
          0,
          0,
          null,
          null,
          null
        ]
      },
      "/app/app/controllers/users_controller.rb": {
        "lines": [
          null,
          null,
          1,
          1,
          1,
          null,
          1,
          6,
          null,
          6,
          4,
          null,
          4,
          null,
          2,
          null,
          null,
          null,
          1,
          6,
          null,
          6,
          null,
          6,
          4,
          null,
          2,
          null,
          null,
          null,
          1,
          5,
          null,
          5,
          null,
          5,
          3,
          null,
          2,
          null,
          null,
          null,
          1,
          2,
          null,
          null,
          1,
          null,
          1,
          12,
          null,
          null,
          1,
          6,
          null,
          null
        ]
      }
    },
    "timestamp": 1732114358
  }
}
